# JRE version: OpenJDK Runtime Environment Temurin-17.0.10+7 (17.0.10+7) (build 17.0.10+7)
# Java VM: OpenJDK 64-Bit Server VM Temurin-17.0.10+7 (17.0.10+7, mixed mode, emulated-client, tiered, compressed oops, compressed class ptrs, g1 gc, windows-amd64)
GC Precious Log:
 CPUs: 4 total, 4 available
 Memory: 8025M
 Large Page Support: Disabled
 NUMA Support: Disabled
 Compressed Oops: Enabled (32-bit)
 Heap Region Size: 1M
 Heap Min Capacity: 8M
 Heap Initial Capacity: 126M
 Heap Max Capacity: 1G
 Pre-touch: Disabled
 Parallel Workers: 4
 Concurrent Workers: 1
 Concurrent Refinement Workers: 4
 Periodic GC: Disabled
Heap:
 garbage-first heap   total 75776K, used 24185K [0x00000000c0000000, 0x0000000100000000)
  region size 1024K, 1 young (1024K), 0 survivors (0K)
 Metaspace       used 39103K, committed 39680K, reserved 1114112K
  class space    used 5164K, committed 5440K, reserved 1048576K
GC Heap History (20 events):
Event: 8513.217 GC heap before
{Heap before GC invocations=574 (full 564):
 garbage-first heap   total 75776K, used 24170K [0x00000000c0000000, 0x0000000100000000)
  region size 1024K, 1 young (1024K), 0 survivors (0K)
 Metaspace       used 39086K, committed 39680K, reserved 1114112K
  class space    used 5161K, committed 5440K, reserved 1048576K
}
Event: 8513.238 GC heap after
{Heap after GC invocations=575 (full 565):
 garbage-first heap   total 75776K, used 24170K [0x00000000c0000000, 0x0000000100000000)
  region size 1024K, 0 young (0K), 0 survivors (0K)
 Metaspace       used 39086K, committed 39680K, reserved 1114112K
  class space    used 5161K, committed 5440K, reserved 1048576K
}
Event: 8523.421 GC heap before
{Heap before GC invocations=575 (full 565):
 garbage-first heap   total 75776K, used 24170K [0x00000000c0000000, 0x0000000100000000)
  region size 1024K, 1 young (1024K), 0 survivors (0K)
 Metaspace       used 39086K, committed 39680K, reserved 1114112K
  class space    used 5161K, committed 5440K, reserved 1048576K
}
Event: 8523.447 GC heap after
{Heap after GC invocations=576 (full 566):
 garbage-first heap   total 75776K, used 24170K [0x00000000c0000000, 0x0000000100000000)
  region size 1024K, 0 young (0K), 0 survivors (0K)
 Metaspace       used 39086K, committed 39680K, reserved 1114112K
  class space    used 5161K, committed 5440K, reserved 1048576K
}
Event: 8533.632 GC heap before
{Heap before GC invocations=576 (full 566):
 garbage-first heap   total 75776K, used 24170K [0x00000000c0000000, 0x0000000100000000)
  region size 1024K, 1 young (1024K), 0 survivors (0K)
 Metaspace       used 39086K, committed 39680K, reserved 1114112K
  class space    used 5161K, committed 5440K, reserved 1048576K
}
Event: 8533.656 GC heap after
{Heap after GC invocations=577 (full 567):
 garbage-first heap   total 75776K, used 24170K [0x00000000c0000000, 0x0000000100000000)
  region size 1024K, 0 young (0K), 0 survivors (0K)
 Metaspace       used 39086K, committed 39680K, reserved 1114112K
  class space    used 5161K, committed 5440K, reserved 1048576K
}
Event: 8543.858 GC heap before
{Heap before GC invocations=577 (full 567):
 garbage-first heap   total 75776K, used 24170K [0x00000000c0000000, 0x0000000100000000)
  region size 1024K, 1 young (1024K), 0 survivors (0K)
 Metaspace       used 39086K, committed 39680K, reserved 1114112K
  class space    used 5161K, committed 5440K, reserved 1048576K
}
Event: 8543.881 GC heap after
{Heap after GC invocations=578 (full 568):
 garbage-first heap   total 75776K, used 24170K [0x00000000c0000000, 0x0000000100000000)
  region size 1024K, 0 young (0K), 0 survivors (0K)
 Metaspace       used 39086K, committed 39680K, reserved 1114112K
  class space    used 5161K, committed 5440K, reserved 1048576K
}
Event: 8554.032 GC heap before
{Heap before GC invocations=578 (full 568):
 garbage-first heap   total 75776K, used 24170K [0x00000000c0000000, 0x0000000100000000)
  region size 1024K, 1 young (1024K), 0 survivors (0K)
 Metaspace       used 39086K, committed 39680K, reserved 1114112K
  class space    used 5161K, committed 5440K, reserved 1048576K
}
Event: 8554.056 GC heap after
{Heap after GC invocations=579 (full 569):
 garbage-first heap   total 75776K, used 24170K [0x00000000c0000000, 0x0000000100000000)
  region size 1024K, 0 young (0K), 0 survivors (0K)
 Metaspace       used 39086K, committed 39680K, reserved 1114112K
  class space    used 5161K, committed 5440K, reserved 1048576K
}
Event: 8564.227 GC heap before
{Heap before GC invocations=579 (full 569):
 garbage-first heap   total 75776K, used 24170K [0x00000000c0000000, 0x0000000100000000)
  region size 1024K, 1 young (1024K), 0 survivors (0K)
 Metaspace       used 39086K, committed 39680K, reserved 1114112K
  class space    used 5161K, committed 5440K, reserved 1048576K
}
Event: 8564.252 GC heap after
{Heap after GC invocations=580 (full 570):
 garbage-first heap   total 75776K, used 24170K [0x00000000c0000000, 0x0000000100000000)
  region size 1024K, 0 young (0K), 0 survivors (0K)
 Metaspace       used 39086K, committed 39680K, reserved 1114112K
  class space    used 5161K, committed 5440K, reserved 1048576K
}
Event: 8574.430 GC heap before
{Heap before GC invocations=580 (full 570):
 garbage-first heap   total 75776K, used 24170K [0x00000000c0000000, 0x0000000100000000)
  region size 1024K, 1 young (1024K), 0 survivors (0K)
 Metaspace       used 39086K, committed 39680K, reserved 1114112K
  class space    used 5161K, committed 5440K, reserved 1048576K
}
Event: 8574.455 GC heap after
{Heap after GC invocations=581 (full 571):
 garbage-first heap   total 75776K, used 24170K [0x00000000c0000000, 0x0000000100000000)
  region size 1024K, 0 young (0K), 0 survivors (0K)
 Metaspace       used 39086K, committed 39680K, reserved 1114112K
  class space    used 5161K, committed 5440K, reserved 1048576K
}
Event: 8584.643 GC heap before
{Heap before GC invocations=581 (full 571):
 garbage-first heap   total 75776K, used 24170K [0x00000000c0000000, 0x0000000100000000)
  region size 1024K, 1 young (1024K), 0 survivors (0K)
 Metaspace       used 39086K, committed 39680K, reserved 1114112K
  class space    used 5161K, committed 5440K, reserved 1048576K
}
Event: 8584.671 GC heap after
{Heap after GC invocations=582 (full 572):
 garbage-first heap   total 75776K, used 24170K [0x00000000c0000000, 0x0000000100000000)
  region size 1024K, 0 young (0K), 0 survivors (0K)
 Metaspace       used 39086K, committed 39680K, reserved 1114112K
  class space    used 5161K, committed 5440K, reserved 1048576K
}
Event: 8594.841 GC heap before
{Heap before GC invocations=582 (full 572):
 garbage-first heap   total 75776K, used 24170K [0x00000000c0000000, 0x0000000100000000)
  region size 1024K, 1 young (1024K), 0 survivors (0K)
 Metaspace       used 39086K, committed 39680K, reserved 1114112K
  class space    used 5161K, committed 5440K, reserved 1048576K
}
Event: 8594.865 GC heap after
{Heap after GC invocations=583 (full 573):
 garbage-first heap   total 75776K, used 24170K [0x00000000c0000000, 0x0000000100000000)
  region size 1024K, 0 young (0K), 0 survivors (0K)
 Metaspace       used 39086K, committed 39680K, reserved 1114112K
  class space    used 5161K, committed 5440K, reserved 1048576K
}
Event: 8615.261 GC heap before
{Heap before GC invocations=583 (full 573):
 garbage-first heap   total 75776K, used 24170K [0x00000000c0000000, 0x0000000100000000)
  region size 1024K, 1 young (1024K), 0 survivors (0K)
 Metaspace       used 39103K, committed 39680K, reserved 1114112K
  class space    used 5164K, committed 5440K, reserved 1048576K
}
Event: 8615.288 GC heap after
{Heap after GC invocations=584 (full 574):
 garbage-first heap   total 75776K, used 24185K [0x00000000c0000000, 0x0000000100000000)
  region size 1024K, 0 young (0K), 0 survivors (0K)
 Metaspace       used 39103K, committed 39680K, reserved 1114112K
  class space    used 5164K, committed 5440K, reserved 1048576K
}

