# JRE version: OpenJDK Runtime Environment Temurin-17.0.10+7 (17.0.10+7) (build 17.0.10+7)
# Java VM: OpenJDK 64-Bit Server VM Temurin-17.0.10+7 (17.0.10+7, mixed mode, emulated-client, tiered, compressed oops, compressed class ptrs, g1 gc, windows-amd64)
GC Precious Log:
 CPUs: 4 total, 4 available
 Memory: 8025M
 Large Page Support: Disabled
 NUMA Support: Disabled
 Compressed Oops: Enabled (32-bit)
 Heap Region Size: 1M
 Heap Min Capacity: 8M
 Heap Initial Capacity: 126M
 Heap Max Capacity: 1G
 Pre-touch: Disabled
 Parallel Workers: 4
 Concurrent Workers: 1
 Concurrent Refinement Workers: 4
 Periodic GC: Disabled
Heap:
 garbage-first heap   total 71680K, used 47646K [0x00000000c0000000, 0x0000000100000000)
  region size 1024K, 26 young (26624K), 2 survivors (2048K)
 Metaspace       used 35332K, committed 35712K, reserved 1114112K
  class space    used 4542K, committed 4736K, reserved 1048576K
GC Heap History (14 events):
Event: 3.311 GC heap before
{Heap before GC invocations=0 (full 0):
 garbage-first heap   total 129024K, used 16384K [0x00000000c0000000, 0x0000000100000000)
  region size 1024K, 13 young (13312K), 0 survivors (0K)
 Metaspace       used 5778K, committed 5888K, reserved 1114112K
  class space    used 556K, committed 640K, reserved 1048576K
}
Event: 3.450 GC heap after
{Heap after GC invocations=1 (full 0):
 garbage-first heap   total 129024K, used 11948K [0x00000000c0000000, 0x0000000100000000)
  region size 1024K, 2 young (2048K), 2 survivors (2048K)
 Metaspace       used 5778K, committed 5888K, reserved 1114112K
  class space    used 556K, committed 640K, reserved 1048576K
}
Event: 4.571 GC heap before
{Heap before GC invocations=1 (full 0):
 garbage-first heap   total 129024K, used 23212K [0x00000000c0000000, 0x0000000100000000)
  region size 1024K, 11 young (11264K), 2 survivors (2048K)
 Metaspace       used 8003K, committed 8128K, reserved 1114112K
  class space    used 885K, committed 960K, reserved 1048576K
}
Event: 4.574 GC heap after
{Heap after GC invocations=2 (full 0):
 garbage-first heap   total 129024K, used 15555K [0x00000000c0000000, 0x0000000100000000)
  region size 1024K, 2 young (2048K), 2 survivors (2048K)
 Metaspace       used 8003K, committed 8128K, reserved 1114112K
  class space    used 885K, committed 960K, reserved 1048576K
}
Event: 6.611 GC heap before
{Heap before GC invocations=2 (full 0):
 garbage-first heap   total 129024K, used 32963K [0x00000000c0000000, 0x0000000100000000)
  region size 1024K, 19 young (19456K), 2 survivors (2048K)
 Metaspace       used 12809K, committed 12992K, reserved 1114112K
  class space    used 1583K, committed 1664K, reserved 1048576K
}
Event: 6.613 GC heap after
{Heap after GC invocations=3 (full 0):
 garbage-first heap   total 129024K, used 16722K [0x00000000c0000000, 0x0000000100000000)
  region size 1024K, 3 young (3072K), 3 survivors (3072K)
 Metaspace       used 12809K, committed 12992K, reserved 1114112K
  class space    used 1583K, committed 1664K, reserved 1048576K
}
Event: 10.457 GC heap before
{Heap before GC invocations=3 (full 0):
 garbage-first heap   total 129024K, used 52562K [0x00000000c0000000, 0x0000000100000000)
  region size 1024K, 40 young (40960K), 3 survivors (3072K)
 Metaspace       used 21262K, committed 21504K, reserved 1114112K
  class space    used 2618K, committed 2752K, reserved 1048576K
}
Event: 10.463 GC heap after
{Heap after GC invocations=4 (full 0):
 garbage-first heap   total 129024K, used 20056K [0x00000000c0000000, 0x0000000100000000)
  region size 1024K, 6 young (6144K), 6 survivors (6144K)
 Metaspace       used 21262K, committed 21504K, reserved 1114112K
  class space    used 2618K, committed 2752K, reserved 1048576K
}
Event: 14.192 GC heap before
{Heap before GC invocations=5 (full 0):
 garbage-first heap   total 71680K, used 55896K [0x00000000c0000000, 0x0000000100000000)
  region size 1024K, 42 young (43008K), 6 survivors (6144K)
 Metaspace       used 27721K, committed 28032K, reserved 1114112K
  class space    used 3456K, committed 3584K, reserved 1048576K
}
Event: 14.204 GC heap after
{Heap after GC invocations=6 (full 0):
 garbage-first heap   total 71680K, used 23490K [0x00000000c0000000, 0x0000000100000000)
  region size 1024K, 4 young (4096K), 4 survivors (4096K)
 Metaspace       used 27721K, committed 28032K, reserved 1114112K
  class space    used 3456K, committed 3584K, reserved 1048576K
}
Event: 14.310 GC heap before
{Heap before GC invocations=6 (full 0):
 garbage-first heap   total 71680K, used 23490K [0x00000000c0000000, 0x0000000100000000)
  region size 1024K, 5 young (5120K), 4 survivors (4096K)
 Metaspace       used 27855K, committed 28160K, reserved 1114112K
  class space    used 3469K, committed 3584K, reserved 1048576K
}
Event: 14.319 GC heap after
{Heap after GC invocations=7 (full 0):
 garbage-first heap   total 71680K, used 23867K [0x00000000c0000000, 0x0000000100000000)
  region size 1024K, 1 young (1024K), 1 survivors (1024K)
 Metaspace       used 27855K, committed 28160K, reserved 1114112K
  class space    used 3469K, committed 3584K, reserved 1048576K
}
Event: 25.376 GC heap before
{Heap before GC invocations=7 (full 0):
 garbage-first heap   total 71680K, used 48443K [0x00000000c0000000, 0x0000000100000000)
  region size 1024K, 25 young (25600K), 1 survivors (1024K)
 Metaspace       used 31908K, committed 32256K, reserved 1114112K
  class space    used 4044K, committed 4160K, reserved 1048576K
}
Event: 25.383 GC heap after
{Heap after GC invocations=8 (full 0):
 garbage-first heap   total 71680K, used 25118K [0x00000000c0000000, 0x0000000100000000)
  region size 1024K, 2 young (2048K), 2 survivors (2048K)
 Metaspace       used 31908K, committed 32256K, reserved 1114112K
  class space    used 4044K, committed 4160K, reserved 1048576K
}

