# JRE version: OpenJDK Runtime Environment Temurin-17.0.10+7 (17.0.10+7) (build 17.0.10+7)
# Java VM: OpenJDK 64-Bit Server VM Temurin-17.0.10+7 (17.0.10+7, mixed mode, emulated-client, tiered, compressed oops, compressed class ptrs, g1 gc, windows-amd64)
GC Precious Log:
 CPUs: 4 total, 4 available
 Memory: 8025M
 Large Page Support: Disabled
 NUMA Support: Disabled
 Compressed Oops: Enabled (32-bit)
 Heap Region Size: 1M
 Heap Min Capacity: 8M
 Heap Initial Capacity: 126M
 Heap Max Capacity: 1G
 Pre-touch: Disabled
 Parallel Workers: 4
 Concurrent Workers: 1
 Concurrent Refinement Workers: 4
 Periodic GC: Disabled
Heap:
 garbage-first heap   total 75776K, used 24106K [0x00000000c0000000, 0x0000000100000000)
  region size 1024K, 1 young (1024K), 0 survivors (0K)
 Metaspace       used 39101K, committed 39680K, reserved 1114112K
  class space    used 5165K, committed 5440K, reserved 1048576K
GC Heap History (20 events):
Event: 8510.325 GC heap before
{Heap before GC invocations=575 (full 566):
 garbage-first heap   total 75776K, used 24141K [0x00000000c0000000, 0x0000000100000000)
  region size 1024K, 1 young (1024K), 0 survivors (0K)
 Metaspace       used 39084K, committed 39680K, reserved 1114112K
  class space    used 5162K, committed 5440K, reserved 1048576K
}
Event: 8510.348 GC heap after
{Heap after GC invocations=576 (full 567):
 garbage-first heap   total 75776K, used 24141K [0x00000000c0000000, 0x0000000100000000)
  region size 1024K, 0 young (0K), 0 survivors (0K)
 Metaspace       used 39084K, committed 39680K, reserved 1114112K
  class space    used 5162K, committed 5440K, reserved 1048576K
}
Event: 8520.549 GC heap before
{Heap before GC invocations=576 (full 567):
 garbage-first heap   total 75776K, used 24141K [0x00000000c0000000, 0x0000000100000000)
  region size 1024K, 1 young (1024K), 0 survivors (0K)
 Metaspace       used 39084K, committed 39680K, reserved 1114112K
  class space    used 5162K, committed 5440K, reserved 1048576K
}
Event: 8520.571 GC heap after
{Heap after GC invocations=577 (full 568):
 garbage-first heap   total 75776K, used 24141K [0x00000000c0000000, 0x0000000100000000)
  region size 1024K, 0 young (0K), 0 survivors (0K)
 Metaspace       used 39084K, committed 39680K, reserved 1114112K
  class space    used 5162K, committed 5440K, reserved 1048576K
}
Event: 8530.752 GC heap before
{Heap before GC invocations=577 (full 568):
 garbage-first heap   total 75776K, used 24141K [0x00000000c0000000, 0x0000000100000000)
  region size 1024K, 1 young (1024K), 0 survivors (0K)
 Metaspace       used 39084K, committed 39680K, reserved 1114112K
  class space    used 5162K, committed 5440K, reserved 1048576K
}
Event: 8530.776 GC heap after
{Heap after GC invocations=578 (full 569):
 garbage-first heap   total 75776K, used 24141K [0x00000000c0000000, 0x0000000100000000)
  region size 1024K, 0 young (0K), 0 survivors (0K)
 Metaspace       used 39084K, committed 39680K, reserved 1114112K
  class space    used 5162K, committed 5440K, reserved 1048576K
}
Event: 8541.010 GC heap before
{Heap before GC invocations=578 (full 569):
 garbage-first heap   total 75776K, used 24141K [0x00000000c0000000, 0x0000000100000000)
  region size 1024K, 1 young (1024K), 0 survivors (0K)
 Metaspace       used 39084K, committed 39680K, reserved 1114112K
  class space    used 5162K, committed 5440K, reserved 1048576K
}
Event: 8541.031 GC heap after
{Heap after GC invocations=579 (full 570):
 garbage-first heap   total 75776K, used 24141K [0x00000000c0000000, 0x0000000100000000)
  region size 1024K, 0 young (0K), 0 survivors (0K)
 Metaspace       used 39084K, committed 39680K, reserved 1114112K
  class space    used 5162K, committed 5440K, reserved 1048576K
}
Event: 8551.184 GC heap before
{Heap before GC invocations=579 (full 570):
 garbage-first heap   total 75776K, used 24141K [0x00000000c0000000, 0x0000000100000000)
  region size 1024K, 1 young (1024K), 0 survivors (0K)
 Metaspace       used 39084K, committed 39680K, reserved 1114112K
  class space    used 5162K, committed 5440K, reserved 1048576K
}
Event: 8551.201 GC heap after
{Heap after GC invocations=580 (full 571):
 garbage-first heap   total 75776K, used 24141K [0x00000000c0000000, 0x0000000100000000)
  region size 1024K, 0 young (0K), 0 survivors (0K)
 Metaspace       used 39084K, committed 39680K, reserved 1114112K
  class space    used 5162K, committed 5440K, reserved 1048576K
}
Event: 8561.361 GC heap before
{Heap before GC invocations=580 (full 571):
 garbage-first heap   total 75776K, used 24141K [0x00000000c0000000, 0x0000000100000000)
  region size 1024K, 1 young (1024K), 0 survivors (0K)
 Metaspace       used 39084K, committed 39680K, reserved 1114112K
  class space    used 5162K, committed 5440K, reserved 1048576K
}
Event: 8561.383 GC heap after
{Heap after GC invocations=581 (full 572):
 garbage-first heap   total 75776K, used 24141K [0x00000000c0000000, 0x0000000100000000)
  region size 1024K, 0 young (0K), 0 survivors (0K)
 Metaspace       used 39084K, committed 39680K, reserved 1114112K
  class space    used 5162K, committed 5440K, reserved 1048576K
}
Event: 8571.562 GC heap before
{Heap before GC invocations=581 (full 572):
 garbage-first heap   total 75776K, used 24141K [0x00000000c0000000, 0x0000000100000000)
  region size 1024K, 1 young (1024K), 0 survivors (0K)
 Metaspace       used 39084K, committed 39680K, reserved 1114112K
  class space    used 5162K, committed 5440K, reserved 1048576K
}
Event: 8571.584 GC heap after
{Heap after GC invocations=582 (full 573):
 garbage-first heap   total 75776K, used 24141K [0x00000000c0000000, 0x0000000100000000)
  region size 1024K, 0 young (0K), 0 survivors (0K)
 Metaspace       used 39084K, committed 39680K, reserved 1114112K
  class space    used 5162K, committed 5440K, reserved 1048576K
}
Event: 8581.757 GC heap before
{Heap before GC invocations=582 (full 573):
 garbage-first heap   total 75776K, used 24141K [0x00000000c0000000, 0x0000000100000000)
  region size 1024K, 1 young (1024K), 0 survivors (0K)
 Metaspace       used 39084K, committed 39680K, reserved 1114112K
  class space    used 5162K, committed 5440K, reserved 1048576K
}
Event: 8581.782 GC heap after
{Heap after GC invocations=583 (full 574):
 garbage-first heap   total 75776K, used 24141K [0x00000000c0000000, 0x0000000100000000)
  region size 1024K, 0 young (0K), 0 survivors (0K)
 Metaspace       used 39084K, committed 39680K, reserved 1114112K
  class space    used 5162K, committed 5440K, reserved 1048576K
}
Event: 8591.950 GC heap before
{Heap before GC invocations=583 (full 574):
 garbage-first heap   total 75776K, used 24141K [0x00000000c0000000, 0x0000000100000000)
  region size 1024K, 1 young (1024K), 0 survivors (0K)
 Metaspace       used 39084K, committed 39680K, reserved 1114112K
  class space    used 5162K, committed 5440K, reserved 1048576K
}
Event: 8591.975 GC heap after
{Heap after GC invocations=584 (full 575):
 garbage-first heap   total 75776K, used 24141K [0x00000000c0000000, 0x0000000100000000)
  region size 1024K, 0 young (0K), 0 survivors (0K)
 Metaspace       used 39084K, committed 39680K, reserved 1114112K
  class space    used 5162K, committed 5440K, reserved 1048576K
}
Event: 8612.372 GC heap before
{Heap before GC invocations=584 (full 575):
 garbage-first heap   total 75776K, used 24141K [0x00000000c0000000, 0x0000000100000000)
  region size 1024K, 1 young (1024K), 0 survivors (0K)
 Metaspace       used 39101K, committed 39680K, reserved 1114112K
  class space    used 5165K, committed 5440K, reserved 1048576K
}
Event: 8612.401 GC heap after
{Heap after GC invocations=585 (full 576):
 garbage-first heap   total 75776K, used 24106K [0x00000000c0000000, 0x0000000100000000)
  region size 1024K, 0 young (0K), 0 survivors (0K)
 Metaspace       used 39101K, committed 39680K, reserved 1114112K
  class space    used 5165K, committed 5440K, reserved 1048576K
}

